DEBUG:berserk.session:stream POST https://lichess.org/api/board/seek params=None data={'rated': 'false', 'time': 10, 'increment': 0, 'variant': 'standard', 'color': 'random', 'ratingRange': ''} json=None
INFO:root:event stream thread started
DEBUG:berserk.session:stream GET https://lichess.org/api/stream/event params=None data=None json=None
DEBUG:urllib3.connectionpool:Starting new HTTPS connection (1): lichess.org:443
DEBUG:urllib3.connectionpool:Starting new HTTPS connection (2): lichess.org:443
DEBUG:urllib3.connectionpool:https://lichess.org:443 "GET /api/stream/event HTTP/1.1" 200 None
DEBUG:urllib3.connectionpool:https://lichess.org:443 "POST /api/board/seek HTTP/1.1" 200 None
DEBUG:berserk.session:stream GET https://lichess.org/api/board/game/stream/cKN9WRqC params=None data=None json=None
INFO:root:starting gs thread
DEBUG:urllib3.connectionpool:https://lichess.org:443 "GET /api/board/game/stream/cKN9WRqC HTTP/1.1" 200 None
DEBUG:berserk.session:request POST https://lichess.org/api/board/game/cKN9WRqC/move/e2e4 params=None data=None json=None
DEBUG:urllib3.connectionpool:Starting new HTTPS connection (3): lichess.org:443
DEBUG:urllib3.connectionpool:https://lichess.org:443 "POST /api/board/game/cKN9WRqC/move/e2e4 HTTP/1.1" 200 11
DEBUG:berserk.session:request POST https://lichess.org/api/board/game/cKN9WRqC/move/g1f3 params=None data=None json=None
DEBUG:urllib3.connectionpool:https://lichess.org:443 "POST /api/board/game/cKN9WRqC/move/g1f3 HTTP/1.1" 200 11
DEBUG:berserk.session:request POST https://lichess.org/api/board/game/cKN9WRqC/move/f3e5 params=None data=None json=None
DEBUG:urllib3.connectionpool:Resetting dropped connection: lichess.org
DEBUG:urllib3.connectionpool:https://lichess.org:443 "POST /api/board/game/cKN9WRqC/move/f3e5 HTTP/1.1" 200 11
DEBUG:berserk.session:request POST https://lichess.org/api/board/game/cKN9WRqC/move/d1e2 params=None data=None json=None
DEBUG:urllib3.connectionpool:Resetting dropped connection: lichess.org
DEBUG:urllib3.connectionpool:https://lichess.org:443 "POST /api/board/game/cKN9WRqC/move/d1e2 HTTP/1.1" 200 11
DEBUG:berserk.session:request POST https://lichess.org/api/board/game/cKN9WRqC/move/d2d3 params=None data=None json=None
DEBUG:urllib3.connectionpool:Resetting dropped connection: lichess.org
DEBUG:urllib3.connectionpool:https://lichess.org:443 "POST /api/board/game/cKN9WRqC/move/d2d3 HTTP/1.1" 200 11
DEBUG:berserk.session:request POST https://lichess.org/api/board/game/cKN9WRqC/move/d3e4 params=None data=None json=None
DEBUG:urllib3.connectionpool:Resetting dropped connection: lichess.org
DEBUG:urllib3.connectionpool:https://lichess.org:443 "POST /api/board/game/cKN9WRqC/move/d3e4 HTTP/1.1" 200 11
DEBUG:berserk.session:request POST https://lichess.org/api/board/game/cKN9WRqC/move/e4d5 params=None data=None json=None
DEBUG:urllib3.connectionpool:https://lichess.org:443 "POST /api/board/game/cKN9WRqC/move/e4d5 HTTP/1.1" 200 11
DEBUG:berserk.session:request POST https://lichess.org/api/board/game/cKN9WRqC/move/b2b3 params=None data=None json=None
DEBUG:urllib3.connectionpool:Resetting dropped connection: lichess.org
DEBUG:urllib3.connectionpool:https://lichess.org:443 "POST /api/board/game/cKN9WRqC/move/b2b3 HTTP/1.1" 200 11
DEBUG:berserk.session:request POST https://lichess.org/api/board/game/cKN9WRqC/resign params=None data=None json=None
DEBUG:urllib3.connectionpool:Resetting dropped connection: lichess.org
DEBUG:urllib3.connectionpool:https://lichess.org:443 "POST /api/board/game/cKN9WRqC/resign HTTP/1.1" 200 11
INFO:root:game ended, resettting gameID. Awaiting gst
INFO:root:gst joined, awaiting event
